Determining if the Fortran sgemm exists failed with the following output:
Change Dir: /p/project/cslai/wu/codes/Artificial_matrices/build/CMakeFiles/CMakeTmp

Run Build Command(s):/usr/bin/gmake cmTC_402b1/fast && /usr/bin/gmake  -f CMakeFiles/cmTC_402b1.dir/build.make CMakeFiles/cmTC_402b1.dir/build
gmake[1]: Entering directory '/p/project/cslai/wu/codes/Artificial_matrices/build/CMakeFiles/CMakeTmp'
Building Fortran object CMakeFiles/cmTC_402b1.dir/testFortranCompiler.f.o
/p/software/juwelsbooster/stages/2020/software/GCCcore/9.3.0/bin/gfortran   -O3 -DNDEBUG -O3 -c /p/project/cslai/wu/codes/Artificial_matrices/build/CMakeFiles/CMakeTmp/testFortranCompiler.f -o CMakeFiles/cmTC_402b1.dir/testFortranCompiler.f.o
Linking Fortran executable cmTC_402b1
/p/software/juwelsbooster/stages/2020/software/CMake/3.18.0-GCCcore-9.3.0/bin/cmake -E cmake_link_script CMakeFiles/cmTC_402b1.dir/link.txt --verbose=1
/p/software/juwelsbooster/stages/2020/software/GCCcore/9.3.0/bin/gfortran -O3 -DNDEBUG -O3 CMakeFiles/cmTC_402b1.dir/testFortranCompiler.f.o -o cmTC_402b1 
CMakeFiles/cmTC_402b1.dir/testFortranCompiler.f.o:testFortranCompiler.f:function main: error: undefined reference to 'sgemm_'
collect2: error: ld returned 1 exit status
gmake[1]: *** [CMakeFiles/cmTC_402b1.dir/build.make:106: cmTC_402b1] Error 1
gmake[1]: Leaving directory '/p/project/cslai/wu/codes/Artificial_matrices/build/CMakeFiles/CMakeTmp'
gmake: *** [Makefile:140: cmTC_402b1/fast] Error 2



Performing C SOURCE FILE Test CMAKE_HAVE_LIBC_PTHREAD failed with the following output:
Change Dir: /p/project/cslai/wu/codes/Artificial_matrices/build/CMakeFiles/CMakeTmp

Run Build Command(s):/usr/bin/gmake cmTC_8e2b8/fast && /usr/bin/gmake  -f CMakeFiles/cmTC_8e2b8.dir/build.make CMakeFiles/cmTC_8e2b8.dir/build
gmake[1]: Entering directory '/p/project/cslai/wu/codes/Artificial_matrices/build/CMakeFiles/CMakeTmp'
Building C object CMakeFiles/cmTC_8e2b8.dir/src.c.o
/p/software/juwelsbooster/stages/2020/software/GCCcore/9.3.0/bin/cc   -DCMAKE_HAVE_LIBC_PTHREAD -O3 -DNDEBUG -o CMakeFiles/cmTC_8e2b8.dir/src.c.o -c /p/project/cslai/wu/codes/Artificial_matrices/build/CMakeFiles/CMakeTmp/src.c
Linking C executable cmTC_8e2b8
/p/software/juwelsbooster/stages/2020/software/CMake/3.18.0-GCCcore-9.3.0/bin/cmake -E cmake_link_script CMakeFiles/cmTC_8e2b8.dir/link.txt --verbose=1
/p/software/juwelsbooster/stages/2020/software/GCCcore/9.3.0/bin/cc  -DCMAKE_HAVE_LIBC_PTHREAD -O3 -DNDEBUG CMakeFiles/cmTC_8e2b8.dir/src.c.o -o cmTC_8e2b8 
CMakeFiles/cmTC_8e2b8.dir/src.c.o:src.c:function main: error: undefined reference to 'pthread_create'
CMakeFiles/cmTC_8e2b8.dir/src.c.o:src.c:function main: error: undefined reference to 'pthread_detach'
CMakeFiles/cmTC_8e2b8.dir/src.c.o:src.c:function main: error: undefined reference to 'pthread_cancel'
CMakeFiles/cmTC_8e2b8.dir/src.c.o:src.c:function main: error: undefined reference to 'pthread_join'
collect2: error: ld returned 1 exit status
gmake[1]: *** [CMakeFiles/cmTC_8e2b8.dir/build.make:106: cmTC_8e2b8] Error 1
gmake[1]: Leaving directory '/p/project/cslai/wu/codes/Artificial_matrices/build/CMakeFiles/CMakeTmp'
gmake: *** [Makefile:140: cmTC_8e2b8/fast] Error 2


Source file was:
#include <pthread.h>

void* test_func(void* data)
{
  return data;
}

int main(void)
{
  pthread_t thread;
  pthread_create(&thread, NULL, test_func, NULL);
  pthread_detach(thread);
  pthread_cancel(thread);
  pthread_join(thread, NULL);
  pthread_atfork(NULL, NULL, NULL);
  pthread_exit(NULL);

  return 0;
}

Determining if the function pthread_create exists in the pthreads failed with the following output:
Change Dir: /p/project/cslai/wu/codes/Artificial_matrices/build/CMakeFiles/CMakeTmp

Run Build Command(s):/usr/bin/gmake cmTC_6b39e/fast && /usr/bin/gmake  -f CMakeFiles/cmTC_6b39e.dir/build.make CMakeFiles/cmTC_6b39e.dir/build
gmake[1]: Entering directory '/p/project/cslai/wu/codes/Artificial_matrices/build/CMakeFiles/CMakeTmp'
Building C object CMakeFiles/cmTC_6b39e.dir/CheckFunctionExists.c.o
/p/software/juwelsbooster/stages/2020/software/GCCcore/9.3.0/bin/cc   -DCHECK_FUNCTION_EXISTS=pthread_create -O3 -DNDEBUG -o CMakeFiles/cmTC_6b39e.dir/CheckFunctionExists.c.o -c /p/software/juwelsbooster/stages/2020/software/CMake/3.18.0-GCCcore-9.3.0/share/cmake-3.18/Modules/CheckFunctionExists.c
Linking C executable cmTC_6b39e
/p/software/juwelsbooster/stages/2020/software/CMake/3.18.0-GCCcore-9.3.0/bin/cmake -E cmake_link_script CMakeFiles/cmTC_6b39e.dir/link.txt --verbose=1
/p/software/juwelsbooster/stages/2020/software/GCCcore/9.3.0/bin/cc  -DCHECK_FUNCTION_EXISTS=pthread_create -O3 -DNDEBUG CMakeFiles/cmTC_6b39e.dir/CheckFunctionExists.c.o -o cmTC_6b39e  -lpthreads 
/p/software/juwelsbooster/stages/2020/software/binutils/2.34-GCCcore-9.3.0/bin/ld.gold: error: cannot find -lpthreads
CMakeFiles/cmTC_6b39e.dir/CheckFunctionExists.c.o:CheckFunctionExists.c:function main: error: undefined reference to 'pthread_create'
collect2: error: ld returned 1 exit status
gmake[1]: *** [CMakeFiles/cmTC_6b39e.dir/build.make:106: cmTC_6b39e] Error 1
gmake[1]: Leaving directory '/p/project/cslai/wu/codes/Artificial_matrices/build/CMakeFiles/CMakeTmp'
gmake: *** [Makefile:140: cmTC_6b39e/fast] Error 2



